<?xml version="1.0" encoding="UTF-8"?>
<!-- Generated by org.testng.reporters.JUnitXMLReporter -->
<testsuite hostname="DESKTOP-LSE61ES" ignored="0" name="Test" tests="7" failures="0" timestamp="12 Feb 2018 20:39:07 GMT" time="7.497" errors="0">
  <testcase name="deleteTwitter" time="0.014" classname="testcases.RESTAPITest"/>
  <testcase name="postJira" time="0.002" classname="testcases.RESTAPITest"/>
  <testcase name="BrowserAutamation" time="0.003" classname="testcases.SeleniumTest"/>
  <testcase name="elementsUI" time="0.002" classname="testcases.SeleniumTest"/>
  <testcase name="MojaKlasa" time="7.423" classname="testcases.MojaKlasaTest"/>
  <testcase name="IOSApps" time="0.001" classname="testcases.AppiumTest"/>
  <testcase name="NativeAPAndroid" time="0.001" classname="testcases.AppiumTest"/>
</testsuite> <!-- Test -->
