<?xml version="1.0" encoding="UTF-8"?>
<!-- Generated by org.testng.reporters.JUnitXMLReporter -->
<testsuite hostname="DESKTOP-LSE61ES" ignored="0" name="Command line test" tests="7" failures="0" timestamp="12 Feb 2018 20:34:54 GMT" time="7.136" errors="0">
  <testcase name="IOSApps" time="0.004" classname="testcases.AppiumTest"/>
  <testcase name="NativeAPAndroid" time="0.001" classname="testcases.AppiumTest"/>
  <testcase name="MojaKlasa" time="7.103" classname="testcases.MojaKlasaTest"/>
  <testcase name="deleteTwitter" time="0.0" classname="testcases.RESTAPITest"/>
  <testcase name="postJira" time="0.0" classname="testcases.RESTAPITest"/>
  <testcase name="BrowserAutamation" time="0.0" classname="testcases.SeleniumTest"/>
  <testcase name="elementsUI" time="0.0" classname="testcases.SeleniumTest"/>
</testsuite> <!-- Command line test -->
