<?xml version="1.0" encoding="UTF-8"?>
<testng-results skipped="0" failed="0" ignored="0" total="7" passed="7">
  <reporter-output>
  </reporter-output>
  <suite name="Suite" duration-ms="7497" started-at="2018-02-12T20:38:59Z" finished-at="2018-02-12T20:39:07Z">
    <groups>
    </groups>
    <test name="Test" duration-ms="7497" started-at="2018-02-12T20:38:59Z" finished-at="2018-02-12T20:39:07Z">
      <class name="testcases.AppiumTest">
        <test-method status="PASS" signature="IOSApps()[pri:0, instance:testcases.AppiumTest@6f7fd0e6]" name="IOSApps" duration-ms="1" started-at="2018-02-12T21:39:07Z" finished-at="2018-02-12T21:39:07Z">
          <reporter-output>
          </reporter-output>
        </test-method> <!-- IOSApps -->
        <test-method status="PASS" signature="NativeAPAndroid()[pri:0, instance:testcases.AppiumTest@6f7fd0e6]" name="NativeAPAndroid" duration-ms="1" started-at="2018-02-12T21:39:07Z" finished-at="2018-02-12T21:39:07Z">
          <reporter-output>
          </reporter-output>
        </test-method> <!-- NativeAPAndroid -->
      </class> <!-- testcases.AppiumTest -->
      <class name="testcases.RESTAPITest">
        <test-method status="PASS" signature="deleteTwitter()[pri:0, instance:testcases.RESTAPITest@3532ec19]" name="deleteTwitter" duration-ms="14" started-at="2018-02-12T21:38:59Z" finished-at="2018-02-12T21:38:59Z">
          <reporter-output>
          </reporter-output>
        </test-method> <!-- deleteTwitter -->
        <test-method status="PASS" signature="postJira()[pri:0, instance:testcases.RESTAPITest@3532ec19]" name="postJira" duration-ms="2" started-at="2018-02-12T21:38:59Z" finished-at="2018-02-12T21:38:59Z">
          <reporter-output>
          </reporter-output>
        </test-method> <!-- postJira -->
      </class> <!-- testcases.RESTAPITest -->
      <class name="testcases.MojaKlasaTest">
        <test-method status="PASS" signature="MojaKlasa()[pri:0, instance:testcases.MojaKlasaTest@27efef64]" name="MojaKlasa" duration-ms="7423" started-at="2018-02-12T21:38:59Z" finished-at="2018-02-12T21:39:07Z">
          <reporter-output>
          </reporter-output>
        </test-method> <!-- MojaKlasa -->
      </class> <!-- testcases.MojaKlasaTest -->
      <class name="testcases.SeleniumTest">
        <test-method status="PASS" signature="BrowserAutamation()[pri:0, instance:testcases.SeleniumTest@59f99ea]" name="BrowserAutamation" duration-ms="3" started-at="2018-02-12T21:38:59Z" finished-at="2018-02-12T21:38:59Z">
          <reporter-output>
          </reporter-output>
        </test-method> <!-- BrowserAutamation -->
        <test-method status="PASS" signature="elementsUI()[pri:0, instance:testcases.SeleniumTest@59f99ea]" name="elementsUI" duration-ms="2" started-at="2018-02-12T21:38:59Z" finished-at="2018-02-12T21:38:59Z">
          <reporter-output>
          </reporter-output>
        </test-method> <!-- elementsUI -->
      </class> <!-- testcases.SeleniumTest -->
    </test> <!-- Test -->
  </suite> <!-- Suite -->
</testng-results>
